2020-02-03 07:05:13,261 INFO [Test worker] t.m.b.t.t.TestBase [TestBase.java:21] Start test teamCreationTestFromHeaderwith parameters[]
2020-02-03 07:06:21,382 ERROR [Test worker] t.m.b.t.u.Listener [Listener.java:24] teamCreationTestFromHeader Failed
org.openqa.selenium.ElementNotInteractableException: element not interactable
  (Session info: chrome=79.0.3945.130)
Build info: version: '3.141.59', revision: 'e82be7d358', time: '2018-11-14T08:17:03'
System info: host: 'MEIR_MAX', ip: '192.168.1.20', os.name: 'Windows 7', os.arch: 'amd64', os.version: '6.1', java.version: '12.0.1'
Driver info: org.openqa.selenium.chrome.ChromeDriver
Capabilities {acceptInsecureCerts: false, browserName: chrome, browserVersion: 79.0.3945.130, chrome: {chromedriverVersion: 78.0.3904.105 (60e2d8774a81..., userDataDir: C:\Users\Meir\AppData\Local...}, goog:chromeOptions: {debuggerAddress: localhost:6508}, javascriptEnabled: true, networkConnectionEnabled: false, pageLoadStrategy: normal, platform: XP, platformName: XP, proxy: Proxy(), setWindowRect: true, strictFileInteractability: false, timeouts: {implicit: 0, pageLoad: 300000, script: 30000}, unhandledPromptBehavior: dismiss and notify}
Session ID: 8bbeadd212955f41bfa18a535a6207e3
2020-02-03 07:06:21,869 INFO [Test worker] t.m.b.t.m.ApplicationManager [ApplicationManager.java:64] 

Created screenshot: D:\QA_22\Automat_QA\GitHub\trello-selenium-test-Meir\src\test\screenshots\screen - 1580706381864.png
2020-02-03 07:06:21,871 INFO [Test worker] t.m.b.t.t.TestBase [TestBase.java:26] Stop test teamCreationTestFromHeader
2020-02-03 07:06:26,887 INFO [Test worker] t.m.b.t.t.TestBase [TestBase.java:21] Start test teamCreationTestFromHeaderCSVwith parameters[tests.meir.bar.trello.model.TeamData@4b0023c]
2020-02-03 07:06:37,042 ERROR [Test worker] t.m.b.t.u.Listener [Listener.java:24] teamCreationTestFromHeaderCSV Failed
org.openqa.selenium.ElementClickInterceptedException: element click intercepted: Element <button class="_2ZNy4w8Nfa58d1" data-test-id="header-create-menu-button">...</button> is not clickable at point (908, 20). Other element would receive the click: <div class="_1wRFJUvIaoq-sR">...</div>
  (Session info: chrome=79.0.3945.130)
Build info: version: '3.141.59', revision: 'e82be7d358', time: '2018-11-14T08:17:03'
System info: host: 'MEIR_MAX', ip: '192.168.1.20', os.name: 'Windows 7', os.arch: 'amd64', os.version: '6.1', java.version: '12.0.1'
Driver info: org.openqa.selenium.chrome.ChromeDriver
Capabilities {acceptInsecureCerts: false, browserName: chrome, browserVersion: 79.0.3945.130, chrome: {chromedriverVersion: 78.0.3904.105 (60e2d8774a81..., userDataDir: C:\Users\Meir\AppData\Local...}, goog:chromeOptions: {debuggerAddress: localhost:6508}, javascriptEnabled: true, networkConnectionEnabled: false, pageLoadStrategy: normal, platform: XP, platformName: XP, proxy: Proxy(), setWindowRect: true, strictFileInteractability: false, timeouts: {implicit: 0, pageLoad: 300000, script: 30000}, unhandledPromptBehavior: dismiss and notify}
Session ID: 8bbeadd212955f41bfa18a535a6207e3
2020-02-03 07:06:37,419 INFO [Test worker] t.m.b.t.m.ApplicationManager [ApplicationManager.java:64] 

Created screenshot: D:\QA_22\Automat_QA\GitHub\trello-selenium-test-Meir\src\test\screenshots\screen - 1580706397419.png
2020-02-03 07:06:37,419 INFO [Test worker] t.m.b.t.t.TestBase [TestBase.java:26] Stop test teamCreationTestFromHeaderCSV
2020-02-03 07:06:37,434 INFO [Test worker] t.m.b.t.t.TestBase [TestBase.java:21] Start test teamCreationTestFromHeaderCSVwith parameters[tests.meir.bar.trello.model.TeamData@209ab818]
2020-02-03 07:06:47,606 ERROR [Test worker] t.m.b.t.u.Listener [Listener.java:24] teamCreationTestFromHeaderCSV Failed
org.openqa.selenium.ElementClickInterceptedException: element click intercepted: Element <button class="_2ZNy4w8Nfa58d1" data-test-id="header-create-menu-button">...</button> is not clickable at point (908, 20). Other element would receive the click: <div class="_1wRFJUvIaoq-sR">...</div>
  (Session info: chrome=79.0.3945.130)
Build info: version: '3.141.59', revision: 'e82be7d358', time: '2018-11-14T08:17:03'
System info: host: 'MEIR_MAX', ip: '192.168.1.20', os.name: 'Windows 7', os.arch: 'amd64', os.version: '6.1', java.version: '12.0.1'
Driver info: org.openqa.selenium.chrome.ChromeDriver
Capabilities {acceptInsecureCerts: false, browserName: chrome, browserVersion: 79.0.3945.130, chrome: {chromedriverVersion: 78.0.3904.105 (60e2d8774a81..., userDataDir: C:\Users\Meir\AppData\Local...}, goog:chromeOptions: {debuggerAddress: localhost:6508}, javascriptEnabled: true, networkConnectionEnabled: false, pageLoadStrategy: normal, platform: XP, platformName: XP, proxy: Proxy(), setWindowRect: true, strictFileInteractability: false, timeouts: {implicit: 0, pageLoad: 300000, script: 30000}, unhandledPromptBehavior: dismiss and notify}
Session ID: 8bbeadd212955f41bfa18a535a6207e3
2020-02-03 07:06:48,213 INFO [Test worker] t.m.b.t.m.ApplicationManager [ApplicationManager.java:64] 

Created screenshot: D:\QA_22\Automat_QA\GitHub\trello-selenium-test-Meir\src\test\screenshots\screen - 1580706408213.png
2020-02-03 07:06:48,213 INFO [Test worker] t.m.b.t.t.TestBase [TestBase.java:26] Stop test teamCreationTestFromHeaderCSV
2020-02-03 07:06:48,213 INFO [Test worker] t.m.b.t.t.TestBase [TestBase.java:21] Start test teamCreationTestFromHeaderCSVwith parameters[tests.meir.bar.trello.model.TeamData@7bf17091]
2020-02-03 07:06:58,395 ERROR [Test worker] t.m.b.t.u.Listener [Listener.java:24] teamCreationTestFromHeaderCSV Failed
org.openqa.selenium.ElementClickInterceptedException: element click intercepted: Element <button class="_2ZNy4w8Nfa58d1" data-test-id="header-create-menu-button">...</button> is not clickable at point (908, 20). Other element would receive the click: <div class="_1wRFJUvIaoq-sR">...</div>
  (Session info: chrome=79.0.3945.130)
Build info: version: '3.141.59', revision: 'e82be7d358', time: '2018-11-14T08:17:03'
System info: host: 'MEIR_MAX', ip: '192.168.1.20', os.name: 'Windows 7', os.arch: 'amd64', os.version: '6.1', java.version: '12.0.1'
Driver info: org.openqa.selenium.chrome.ChromeDriver
Capabilities {acceptInsecureCerts: false, browserName: chrome, browserVersion: 79.0.3945.130, chrome: {chromedriverVersion: 78.0.3904.105 (60e2d8774a81..., userDataDir: C:\Users\Meir\AppData\Local...}, goog:chromeOptions: {debuggerAddress: localhost:6508}, javascriptEnabled: true, networkConnectionEnabled: false, pageLoadStrategy: normal, platform: XP, platformName: XP, proxy: Proxy(), setWindowRect: true, strictFileInteractability: false, timeouts: {implicit: 0, pageLoad: 300000, script: 30000}, unhandledPromptBehavior: dismiss and notify}
Session ID: 8bbeadd212955f41bfa18a535a6207e3
2020-02-03 07:06:58,903 INFO [Test worker] t.m.b.t.m.ApplicationManager [ApplicationManager.java:64] 

Created screenshot: D:\QA_22\Automat_QA\GitHub\trello-selenium-test-Meir\src\test\screenshots\screen - 1580706418903.png
2020-02-03 07:06:58,903 INFO [Test worker] t.m.b.t.t.TestBase [TestBase.java:26] Stop test teamCreationTestFromHeaderCSV
2020-02-03 07:07:08,916 INFO [Test worker] t.m.b.t.t.TestBase [TestBase.java:21] Start test teamCreationTestFromHeaderWithDPwith parameters[name DP, description DP]
